Analysis & Synthesis report for pipeline
Mon Dec 16 12:00:29 2024
Quartus II 32-bit Version 13.0.1 Build 232 06/12/2013 Service Pack 1 SJ Web Edition


---------------------
; Table of Contents ;
---------------------
  1. Legal Notice
  2. Analysis & Synthesis Summary
  3. Analysis & Synthesis Settings
  4. Parallel Compilation
  5. Analysis & Synthesis Messages



----------------
; Legal Notice ;
----------------
Copyright (C) 1991-2013 Altera Corporation
Your use of Altera Corporation's design tools, logic functions 
and other software and tools, and its AMPP partner logic 
functions, and any output files from any of the foregoing 
(including device programming or simulation files), and any 
associated documentation or information are expressly subject 
to the terms and conditions of the Altera Program License 
Subscription Agreement, Altera MegaCore Function License 
Agreement, or other applicable license agreement, including, 
without limitation, that your use is for the sole purpose of 
programming logic devices manufactured by Altera and sold by 
Altera or its authorized distributors.  Please refer to the 
applicable agreement for further details.



+--------------------------------------------------------------------------------------+
; Analysis & Synthesis Summary                                                         ;
+------------------------------------+-------------------------------------------------+
; Analysis & Synthesis Status        ; Failed - Mon Dec 16 12:00:29 2024               ;
; Quartus II 32-bit Version          ; 13.0.1 Build 232 06/12/2013 SP 1 SJ Web Edition ;
; Revision Name                      ; pipeline                                        ;
; Top-level Entity Name              ; pipeline                                        ;
; Family                             ; Cyclone IV GX                                   ;
; Total logic elements               ; N/A until Partition Merge                       ;
;     Total combinational functions  ; N/A until Partition Merge                       ;
;     Dedicated logic registers      ; N/A until Partition Merge                       ;
; Total registers                    ; N/A until Partition Merge                       ;
; Total pins                         ; N/A until Partition Merge                       ;
; Total virtual pins                 ; N/A until Partition Merge                       ;
; Total memory bits                  ; N/A until Partition Merge                       ;
; Embedded Multiplier 9-bit elements ; N/A until Partition Merge                       ;
; Total GXB Receiver Channel PCS     ; N/A until Partition Merge                       ;
; Total GXB Receiver Channel PMA     ; N/A until Partition Merge                       ;
; Total GXB Transmitter Channel PCS  ; N/A until Partition Merge                       ;
; Total GXB Transmitter Channel PMA  ; N/A until Partition Merge                       ;
; Total PLLs                         ; N/A until Partition Merge                       ;
+------------------------------------+-------------------------------------------------+


+----------------------------------------------------------------------------------------------------------------------+
; Analysis & Synthesis Settings                                                                                        ;
+----------------------------------------------------------------------------+--------------------+--------------------+
; Option                                                                     ; Setting            ; Default Value      ;
+----------------------------------------------------------------------------+--------------------+--------------------+
; Top-level entity name                                                      ; pipeline           ; pipeline           ;
; Family name                                                                ; Cyclone IV GX      ; Cyclone IV GX      ;
; Use smart compilation                                                      ; Off                ; Off                ;
; Enable parallel Assembler and TimeQuest Timing Analyzer during compilation ; On                 ; On                 ;
; Enable compact report table                                                ; Off                ; Off                ;
; Restructure Multiplexers                                                   ; Auto               ; Auto               ;
; Create Debugging Nodes for IP Cores                                        ; Off                ; Off                ;
; Preserve fewer node names                                                  ; On                 ; On                 ;
; Disable OpenCore Plus hardware evaluation                                  ; Off                ; Off                ;
; Verilog Version                                                            ; Verilog_2001       ; Verilog_2001       ;
; VHDL Version                                                               ; VHDL_1993          ; VHDL_1993          ;
; State Machine Processing                                                   ; Auto               ; Auto               ;
; Safe State Machine                                                         ; Off                ; Off                ;
; Extract Verilog State Machines                                             ; On                 ; On                 ;
; Extract VHDL State Machines                                                ; On                 ; On                 ;
; Ignore Verilog initial constructs                                          ; Off                ; Off                ;
; Iteration limit for constant Verilog loops                                 ; 5000               ; 5000               ;
; Iteration limit for non-constant Verilog loops                             ; 250                ; 250                ;
; Add Pass-Through Logic to Inferred RAMs                                    ; On                 ; On                 ;
; Infer RAMs from Raw Logic                                                  ; On                 ; On                 ;
; Parallel Synthesis                                                         ; On                 ; On                 ;
; DSP Block Balancing                                                        ; Auto               ; Auto               ;
; NOT Gate Push-Back                                                         ; On                 ; On                 ;
; Power-Up Don't Care                                                        ; On                 ; On                 ;
; Remove Redundant Logic Cells                                               ; Off                ; Off                ;
; Remove Duplicate Registers                                                 ; On                 ; On                 ;
; Ignore CARRY Buffers                                                       ; Off                ; Off                ;
; Ignore CASCADE Buffers                                                     ; Off                ; Off                ;
; Ignore GLOBAL Buffers                                                      ; Off                ; Off                ;
; Ignore ROW GLOBAL Buffers                                                  ; Off                ; Off                ;
; Ignore LCELL Buffers                                                       ; Off                ; Off                ;
; Ignore SOFT Buffers                                                        ; On                 ; On                 ;
; Limit AHDL Integers to 32 Bits                                             ; Off                ; Off                ;
; Optimization Technique                                                     ; Balanced           ; Balanced           ;
; Carry Chain Length                                                         ; 70                 ; 70                 ;
; Auto Carry Chains                                                          ; On                 ; On                 ;
; Auto Open-Drain Pins                                                       ; On                 ; On                 ;
; Perform WYSIWYG Primitive Resynthesis                                      ; Off                ; Off                ;
; Auto ROM Replacement                                                       ; On                 ; On                 ;
; Auto RAM Replacement                                                       ; On                 ; On                 ;
; Auto DSP Block Replacement                                                 ; On                 ; On                 ;
; Auto Shift Register Replacement                                            ; Auto               ; Auto               ;
; Allow Shift Register Merging across Hierarchies                            ; Auto               ; Auto               ;
; Auto Clock Enable Replacement                                              ; On                 ; On                 ;
; Strict RAM Replacement                                                     ; Off                ; Off                ;
; Allow Synchronous Control Signals                                          ; On                 ; On                 ;
; Force Use of Synchronous Clear Signals                                     ; Off                ; Off                ;
; Auto RAM Block Balancing                                                   ; On                 ; On                 ;
; Auto RAM to Logic Cell Conversion                                          ; Off                ; Off                ;
; Auto Resource Sharing                                                      ; Off                ; Off                ;
; Allow Any RAM Size For Recognition                                         ; Off                ; Off                ;
; Allow Any ROM Size For Recognition                                         ; Off                ; Off                ;
; Allow Any Shift Register Size For Recognition                              ; Off                ; Off                ;
; Use LogicLock Constraints during Resource Balancing                        ; On                 ; On                 ;
; Ignore translate_off and synthesis_off directives                          ; Off                ; Off                ;
; Timing-Driven Synthesis                                                    ; On                 ; On                 ;
; Report Parameter Settings                                                  ; On                 ; On                 ;
; Report Source Assignments                                                  ; On                 ; On                 ;
; Report Connectivity Checks                                                 ; On                 ; On                 ;
; Ignore Maximum Fan-Out Assignments                                         ; Off                ; Off                ;
; Synchronization Register Chain Length                                      ; 2                  ; 2                  ;
; PowerPlay Power Optimization                                               ; Normal compilation ; Normal compilation ;
; HDL message level                                                          ; Level2             ; Level2             ;
; Suppress Register Optimization Related Messages                            ; Off                ; Off                ;
; Number of Removed Registers Reported in Synthesis Report                   ; 5000               ; 5000               ;
; Number of Swept Nodes Reported in Synthesis Report                         ; 5000               ; 5000               ;
; Number of Inverted Registers Reported in Synthesis Report                  ; 100                ; 100                ;
; Clock MUX Protection                                                       ; On                 ; On                 ;
; Auto Gated Clock Conversion                                                ; Off                ; Off                ;
; Block Design Naming                                                        ; Auto               ; Auto               ;
; SDC constraint protection                                                  ; Off                ; Off                ;
; Synthesis Effort                                                           ; Auto               ; Auto               ;
; Shift Register Replacement - Allow Asynchronous Clear Signal               ; On                 ; On                 ;
; Pre-Mapping Resynthesis Optimization                                       ; Off                ; Off                ;
; Analysis & Synthesis Message Level                                         ; Medium             ; Medium             ;
; Disable Register Merging Across Hierarchies                                ; Auto               ; Auto               ;
; Resource Aware Inference For Block RAM                                     ; On                 ; On                 ;
; Synthesis Seed                                                             ; 1                  ; 1                  ;
+----------------------------------------------------------------------------+--------------------+--------------------+


Parallel compilation was disabled, but you have multiple processors available. Enable parallel compilation to reduce compilation time.
+-------------------------------------+
; Parallel Compilation                ;
+----------------------------+--------+
; Processors                 ; Number ;
+----------------------------+--------+
; Number detected on machine ; 8      ;
; Maximum allowed            ; 1      ;
+----------------------------+--------+


+-------------------------------+
; Analysis & Synthesis Messages ;
+-------------------------------+
Info: *******************************************************************
Info: Running Quartus II 32-bit Analysis & Synthesis
    Info: Version 13.0.1 Build 232 06/12/2013 Service Pack 1 SJ Web Edition
    Info: Processing started: Mon Dec 16 12:00:28 2024
Info: Command: quartus_map --read_settings_files=on --write_settings_files=off pipeline -c pipeline
Warning (20028): Parallel compilation is not licensed and has been disabled
Info (12021): Found 1 design units, including 1 entities, in source file wb_stage.sv
    Info (12023): Found entity 1: WB_stage
Info (12021): Found 1 design units, including 1 entities, in source file wb_mux.sv
    Info (12023): Found entity 1: wb_mux
Info (12021): Found 1 design units, including 1 entities, in source file regfile.sv
    Info (12023): Found entity 1: regfile
Warning (10275): Verilog HDL Module Instantiation warning at pipeline.sv(149): ignored dangling comma in List of Port Connections
Info (12021): Found 1 design units, including 1 entities, in source file pipeline.sv
    Info (12023): Found entity 1: pipeline
Info (12021): Found 1 design units, including 1 entities, in source file pc_mux.sv
    Info (12023): Found entity 1: pc_mux
Info (12021): Found 1 design units, including 1 entities, in source file pc.sv
    Info (12023): Found entity 1: pc
Info (12021): Found 1 design units, including 1 entities, in source file mem_wb.sv
    Info (12023): Found entity 1: MEM_WB
Info (12021): Found 1 design units, including 1 entities, in source file mem_stage.sv
    Info (12023): Found entity 1: MEM_stage
Info (12021): Found 1 design units, including 1 entities, in source file lsu.sv
    Info (12023): Found entity 1: lsu
Info (12021): Found 1 design units, including 1 entities, in source file insn_mem.sv
    Info (12023): Found entity 1: insn_mem
Info (12021): Found 1 design units, including 1 entities, in source file immgen.sv
    Info (12023): Found entity 1: Immgen
Info (12021): Found 1 design units, including 1 entities, in source file if_stage.sv
    Info (12023): Found entity 1: IF_stage
Info (12021): Found 1 design units, including 1 entities, in source file if_id.sv
    Info (12023): Found entity 1: IF_ID
Info (12021): Found 1 design units, including 1 entities, in source file id_stage.sv
    Info (12023): Found entity 1: ID_stage
Info (12021): Found 1 design units, including 1 entities, in source file id_ex.sv
    Info (12023): Found entity 1: ID_EX
Info (12021): Found 1 design units, including 1 entities, in source file hazard_unit.sv
    Info (12023): Found entity 1: hazard_unit
Info (12021): Found 1 design units, including 1 entities, in source file ex_stage.sv
    Info (12023): Found entity 1: EX_stage
Info (12021): Found 1 design units, including 1 entities, in source file ex_mem.sv
    Info (12023): Found entity 1: EX_MEM
Info (12021): Found 1 design units, including 1 entities, in source file controlunit.sv
    Info (12023): Found entity 1: ControlUnit
Info (12021): Found 1 design units, including 1 entities, in source file brc.sv
    Info (12023): Found entity 1: BRC
Info (12021): Found 1 design units, including 1 entities, in source file branch_sel.sv
    Info (12023): Found entity 1: branch_sel
Info (12021): Found 1 design units, including 1 entities, in source file b_mux.sv
    Info (12023): Found entity 1: b_mux
Info (12021): Found 1 design units, including 1 entities, in source file alu.sv
    Info (12023): Found entity 1: alu
Info (12021): Found 1 design units, including 1 entities, in source file a_mux.sv
    Info (12023): Found entity 1: a_mux
Warning (10236): Verilog HDL Implicit Net warning at pipeline.sv(33): created implicit net for "insn_vld_d"
Warning (10236): Verilog HDL Implicit Net warning at pipeline.sv(52): created implicit net for "FlushD"
Warning (10236): Verilog HDL Implicit Net warning at MEM_stage.sv(25): created implicit net for "i_rst"
Error (10231): Verilog HDL error at ID_EX.sv(19): value cannot be assigned to input "pc_d" File: C:/Users/Dell/Documents/cpu risc-v/non-forward/ID_EX.sv Line: 19
Error (10231): Verilog HDL error at ID_EX.sv(20): value cannot be assigned to input "instrD" File: C:/Users/Dell/Documents/cpu risc-v/non-forward/ID_EX.sv Line: 20
Error (10231): Verilog HDL error at ID_EX.sv(21): value cannot be assigned to input "br_un_d" File: C:/Users/Dell/Documents/cpu risc-v/non-forward/ID_EX.sv Line: 21
Error (10231): Verilog HDL error at ID_EX.sv(22): value cannot be assigned to input "opa_sel_d" File: C:/Users/Dell/Documents/cpu risc-v/non-forward/ID_EX.sv Line: 22
Error (10231): Verilog HDL error at ID_EX.sv(23): value cannot be assigned to input "opb_sel_d" File: C:/Users/Dell/Documents/cpu risc-v/non-forward/ID_EX.sv Line: 23
Error (10231): Verilog HDL error at ID_EX.sv(24): value cannot be assigned to input "mem_wren_d" File: C:/Users/Dell/Documents/cpu risc-v/non-forward/ID_EX.sv Line: 24
Error (10231): Verilog HDL error at ID_EX.sv(25): value cannot be assigned to input "rd_wren_d" File: C:/Users/Dell/Documents/cpu risc-v/non-forward/ID_EX.sv Line: 25
Error (10231): Verilog HDL error at ID_EX.sv(26): value cannot be assigned to input "wb_sel_d" File: C:/Users/Dell/Documents/cpu risc-v/non-forward/ID_EX.sv Line: 26
Error (10231): Verilog HDL error at ID_EX.sv(27): value cannot be assigned to input "rs1_data_d" File: C:/Users/Dell/Documents/cpu risc-v/non-forward/ID_EX.sv Line: 27
Error (10231): Verilog HDL error at ID_EX.sv(28): value cannot be assigned to input "rs2_data_d" File: C:/Users/Dell/Documents/cpu risc-v/non-forward/ID_EX.sv Line: 28
Error (10231): Verilog HDL error at ID_EX.sv(29): value cannot be assigned to input "imm_out_d" File: C:/Users/Dell/Documents/cpu risc-v/non-forward/ID_EX.sv Line: 29
Error (10231): Verilog HDL error at ID_EX.sv(30): value cannot be assigned to input "alu_op_d" File: C:/Users/Dell/Documents/cpu risc-v/non-forward/ID_EX.sv Line: 30
Error (10231): Verilog HDL error at ID_EX.sv(33): value cannot be assigned to input "pc_d" File: C:/Users/Dell/Documents/cpu risc-v/non-forward/ID_EX.sv Line: 33
Error (10231): Verilog HDL error at ID_EX.sv(34): value cannot be assigned to input "instrD" File: C:/Users/Dell/Documents/cpu risc-v/non-forward/ID_EX.sv Line: 34
Error (10231): Verilog HDL error at ID_EX.sv(35): value cannot be assigned to input "br_un_d" File: C:/Users/Dell/Documents/cpu risc-v/non-forward/ID_EX.sv Line: 35
Error (10231): Verilog HDL error at ID_EX.sv(36): value cannot be assigned to input "opa_sel_d" File: C:/Users/Dell/Documents/cpu risc-v/non-forward/ID_EX.sv Line: 36
Error (10231): Verilog HDL error at ID_EX.sv(37): value cannot be assigned to input "opb_sel_d" File: C:/Users/Dell/Documents/cpu risc-v/non-forward/ID_EX.sv Line: 37
Error (10231): Verilog HDL error at ID_EX.sv(38): value cannot be assigned to input "mem_wren_d" File: C:/Users/Dell/Documents/cpu risc-v/non-forward/ID_EX.sv Line: 38
Error (10231): Verilog HDL error at ID_EX.sv(39): value cannot be assigned to input "rd_wren_d" File: C:/Users/Dell/Documents/cpu risc-v/non-forward/ID_EX.sv Line: 39
Error (10231): Verilog HDL error at ID_EX.sv(40): value cannot be assigned to input "wb_sel_d" File: C:/Users/Dell/Documents/cpu risc-v/non-forward/ID_EX.sv Line: 40
Error (10231): Verilog HDL error at ID_EX.sv(41): value cannot be assigned to input "rs1_data_d" File: C:/Users/Dell/Documents/cpu risc-v/non-forward/ID_EX.sv Line: 41
Error (10231): Verilog HDL error at ID_EX.sv(42): value cannot be assigned to input "rs2_data_d" File: C:/Users/Dell/Documents/cpu risc-v/non-forward/ID_EX.sv Line: 42
Error (10231): Verilog HDL error at ID_EX.sv(43): value cannot be assigned to input "imm_out_d" File: C:/Users/Dell/Documents/cpu risc-v/non-forward/ID_EX.sv Line: 43
Error (10231): Verilog HDL error at ID_EX.sv(44): value cannot be assigned to input "alu_op_d" File: C:/Users/Dell/Documents/cpu risc-v/non-forward/ID_EX.sv Line: 44
Error (10231): Verilog HDL error at ID_EX.sv(47): value cannot be assigned to input "pc_d" File: C:/Users/Dell/Documents/cpu risc-v/non-forward/ID_EX.sv Line: 47
Error (10231): Verilog HDL error at ID_EX.sv(48): value cannot be assigned to input "instrD" File: C:/Users/Dell/Documents/cpu risc-v/non-forward/ID_EX.sv Line: 48
Error (10231): Verilog HDL error at ID_EX.sv(49): value cannot be assigned to input "br_un_d" File: C:/Users/Dell/Documents/cpu risc-v/non-forward/ID_EX.sv Line: 49
Error (10231): Verilog HDL error at ID_EX.sv(50): value cannot be assigned to input "opa_sel_d" File: C:/Users/Dell/Documents/cpu risc-v/non-forward/ID_EX.sv Line: 50
Error (10231): Verilog HDL error at ID_EX.sv(51): value cannot be assigned to input "opb_sel_d" File: C:/Users/Dell/Documents/cpu risc-v/non-forward/ID_EX.sv Line: 51
Error (10231): Verilog HDL error at ID_EX.sv(52): value cannot be assigned to input "mem_wren_d" File: C:/Users/Dell/Documents/cpu risc-v/non-forward/ID_EX.sv Line: 52
Error (10231): Verilog HDL error at ID_EX.sv(53): value cannot be assigned to input "rd_wren_d" File: C:/Users/Dell/Documents/cpu risc-v/non-forward/ID_EX.sv Line: 53
Error (10231): Verilog HDL error at ID_EX.sv(54): value cannot be assigned to input "wb_sel_d" File: C:/Users/Dell/Documents/cpu risc-v/non-forward/ID_EX.sv Line: 54
Error (10231): Verilog HDL error at ID_EX.sv(55): value cannot be assigned to input "rs1_data_d" File: C:/Users/Dell/Documents/cpu risc-v/non-forward/ID_EX.sv Line: 55
Error (10231): Verilog HDL error at ID_EX.sv(56): value cannot be assigned to input "rs2_data_d" File: C:/Users/Dell/Documents/cpu risc-v/non-forward/ID_EX.sv Line: 56
Error (10231): Verilog HDL error at ID_EX.sv(57): value cannot be assigned to input "imm_out_d" File: C:/Users/Dell/Documents/cpu risc-v/non-forward/ID_EX.sv Line: 57
Error (10231): Verilog HDL error at ID_EX.sv(58): value cannot be assigned to input "alu_op_d" File: C:/Users/Dell/Documents/cpu risc-v/non-forward/ID_EX.sv Line: 58
Error (10231): Verilog HDL error at ID_EX.sv(61): value cannot be assigned to input "pc_d" File: C:/Users/Dell/Documents/cpu risc-v/non-forward/ID_EX.sv Line: 61
Error (10231): Verilog HDL error at ID_EX.sv(62): value cannot be assigned to input "br_un_d" File: C:/Users/Dell/Documents/cpu risc-v/non-forward/ID_EX.sv Line: 62
Error (10231): Verilog HDL error at ID_EX.sv(63): value cannot be assigned to input "opa_sel_d" File: C:/Users/Dell/Documents/cpu risc-v/non-forward/ID_EX.sv Line: 63
Error (10231): Verilog HDL error at ID_EX.sv(64): value cannot be assigned to input "opb_sel_d" File: C:/Users/Dell/Documents/cpu risc-v/non-forward/ID_EX.sv Line: 64
Error (10231): Verilog HDL error at ID_EX.sv(65): value cannot be assigned to input "mem_wren_d" File: C:/Users/Dell/Documents/cpu risc-v/non-forward/ID_EX.sv Line: 65
Error (10231): Verilog HDL error at ID_EX.sv(66): value cannot be assigned to input "rd_wren_d" File: C:/Users/Dell/Documents/cpu risc-v/non-forward/ID_EX.sv Line: 66
Error (10231): Verilog HDL error at ID_EX.sv(67): value cannot be assigned to input "wb_sel_d" File: C:/Users/Dell/Documents/cpu risc-v/non-forward/ID_EX.sv Line: 67
Error (10231): Verilog HDL error at ID_EX.sv(68): value cannot be assigned to input "rs1_data_d" File: C:/Users/Dell/Documents/cpu risc-v/non-forward/ID_EX.sv Line: 68
Error (10231): Verilog HDL error at ID_EX.sv(69): value cannot be assigned to input "rs2_data_d" File: C:/Users/Dell/Documents/cpu risc-v/non-forward/ID_EX.sv Line: 69
Error (10231): Verilog HDL error at ID_EX.sv(70): value cannot be assigned to input "imm_out_d" File: C:/Users/Dell/Documents/cpu risc-v/non-forward/ID_EX.sv Line: 70
Error (10231): Verilog HDL error at ID_EX.sv(71): value cannot be assigned to input "alu_op_d" File: C:/Users/Dell/Documents/cpu risc-v/non-forward/ID_EX.sv Line: 71
Error (10231): Verilog HDL error at EX_MEM.sv(17): value cannot be assigned to input "alu_data_e" File: C:/Users/Dell/Documents/cpu risc-v/non-forward/EX_MEM.sv Line: 17
Error (10231): Verilog HDL error at EX_MEM.sv(18): value cannot be assigned to input "rs2_data_e" File: C:/Users/Dell/Documents/cpu risc-v/non-forward/EX_MEM.sv Line: 18
Error (10231): Verilog HDL error at EX_MEM.sv(19): value cannot be assigned to input "instrE" File: C:/Users/Dell/Documents/cpu risc-v/non-forward/EX_MEM.sv Line: 19
Error (10231): Verilog HDL error at EX_MEM.sv(20): value cannot be assigned to input "pc_e" File: C:/Users/Dell/Documents/cpu risc-v/non-forward/EX_MEM.sv Line: 20
Error (10231): Verilog HDL error at EX_MEM.sv(21): value cannot be assigned to input "wb_sel_e" File: C:/Users/Dell/Documents/cpu risc-v/non-forward/EX_MEM.sv Line: 21
Error (10231): Verilog HDL error at EX_MEM.sv(22): value cannot be assigned to input "rd_wren_e" File: C:/Users/Dell/Documents/cpu risc-v/non-forward/EX_MEM.sv Line: 22
Error (10231): Verilog HDL error at EX_MEM.sv(23): value cannot be assigned to input "mem_wren_e" File: C:/Users/Dell/Documents/cpu risc-v/non-forward/EX_MEM.sv Line: 23
Error (10231): Verilog HDL error at EX_MEM.sv(26): value cannot be assigned to input "alu_data_e" File: C:/Users/Dell/Documents/cpu risc-v/non-forward/EX_MEM.sv Line: 26
Error (10231): Verilog HDL error at EX_MEM.sv(27): value cannot be assigned to input "rs2_data_e" File: C:/Users/Dell/Documents/cpu risc-v/non-forward/EX_MEM.sv Line: 27
Error (10231): Verilog HDL error at EX_MEM.sv(28): value cannot be assigned to input "instrE" File: C:/Users/Dell/Documents/cpu risc-v/non-forward/EX_MEM.sv Line: 28
Error (10231): Verilog HDL error at EX_MEM.sv(29): value cannot be assigned to input "pc_e" File: C:/Users/Dell/Documents/cpu risc-v/non-forward/EX_MEM.sv Line: 29
Error (10231): Verilog HDL error at EX_MEM.sv(30): value cannot be assigned to input "wb_sel_e" File: C:/Users/Dell/Documents/cpu risc-v/non-forward/EX_MEM.sv Line: 30
Error (10231): Verilog HDL error at EX_MEM.sv(31): value cannot be assigned to input "rd_wren_e" File: C:/Users/Dell/Documents/cpu risc-v/non-forward/EX_MEM.sv Line: 31
Error (10231): Verilog HDL error at EX_MEM.sv(32): value cannot be assigned to input "mem_wren_e" File: C:/Users/Dell/Documents/cpu risc-v/non-forward/EX_MEM.sv Line: 32
Error (10231): Verilog HDL error at EX_MEM.sv(35): value cannot be assigned to input "alu_data_e" File: C:/Users/Dell/Documents/cpu risc-v/non-forward/EX_MEM.sv Line: 35
Error (10231): Verilog HDL error at EX_MEM.sv(36): value cannot be assigned to input "rs2_data_e" File: C:/Users/Dell/Documents/cpu risc-v/non-forward/EX_MEM.sv Line: 36
Error (10231): Verilog HDL error at EX_MEM.sv(37): value cannot be assigned to input "instrE" File: C:/Users/Dell/Documents/cpu risc-v/non-forward/EX_MEM.sv Line: 37
Error (10231): Verilog HDL error at EX_MEM.sv(38): value cannot be assigned to input "pc_e" File: C:/Users/Dell/Documents/cpu risc-v/non-forward/EX_MEM.sv Line: 38
Error (10231): Verilog HDL error at EX_MEM.sv(39): value cannot be assigned to input "wb_sel_e" File: C:/Users/Dell/Documents/cpu risc-v/non-forward/EX_MEM.sv Line: 39
Error (10231): Verilog HDL error at EX_MEM.sv(40): value cannot be assigned to input "rd_wren_e" File: C:/Users/Dell/Documents/cpu risc-v/non-forward/EX_MEM.sv Line: 40
Error (10231): Verilog HDL error at EX_MEM.sv(41): value cannot be assigned to input "mem_wren_e" File: C:/Users/Dell/Documents/cpu risc-v/non-forward/EX_MEM.sv Line: 41
Error (10231): Verilog HDL error at EX_MEM.sv(44): value cannot be assigned to input "alu_data_e" File: C:/Users/Dell/Documents/cpu risc-v/non-forward/EX_MEM.sv Line: 44
Error (10231): Verilog HDL error at EX_MEM.sv(45): value cannot be assigned to input "rs2_data_e" File: C:/Users/Dell/Documents/cpu risc-v/non-forward/EX_MEM.sv Line: 45
Error (10231): Verilog HDL error at EX_MEM.sv(46): value cannot be assigned to input "instrE" File: C:/Users/Dell/Documents/cpu risc-v/non-forward/EX_MEM.sv Line: 46
Error (10231): Verilog HDL error at EX_MEM.sv(47): value cannot be assigned to input "pc_e" File: C:/Users/Dell/Documents/cpu risc-v/non-forward/EX_MEM.sv Line: 47
Error (10231): Verilog HDL error at EX_MEM.sv(48): value cannot be assigned to input "wb_sel_e" File: C:/Users/Dell/Documents/cpu risc-v/non-forward/EX_MEM.sv Line: 48
Error (10231): Verilog HDL error at EX_MEM.sv(49): value cannot be assigned to input "rd_wren_e" File: C:/Users/Dell/Documents/cpu risc-v/non-forward/EX_MEM.sv Line: 49
Error (10231): Verilog HDL error at EX_MEM.sv(50): value cannot be assigned to input "mem_wren_e" File: C:/Users/Dell/Documents/cpu risc-v/non-forward/EX_MEM.sv Line: 50
Error (10231): Verilog HDL error at MEM_WB.sv(17): value cannot be assigned to input "instrM" File: C:/Users/Dell/Documents/cpu risc-v/non-forward/MEM_WB.sv Line: 17
Error (10231): Verilog HDL error at MEM_WB.sv(18): value cannot be assigned to input "alu_data_m" File: C:/Users/Dell/Documents/cpu risc-v/non-forward/MEM_WB.sv Line: 18
Error (10231): Verilog HDL error at MEM_WB.sv(19): value cannot be assigned to input "ld_data_m" File: C:/Users/Dell/Documents/cpu risc-v/non-forward/MEM_WB.sv Line: 19
Error (10231): Verilog HDL error at MEM_WB.sv(20): value cannot be assigned to input "pc_m" File: C:/Users/Dell/Documents/cpu risc-v/non-forward/MEM_WB.sv Line: 20
Error (10231): Verilog HDL error at MEM_WB.sv(21): value cannot be assigned to input "rd_wren_m" File: C:/Users/Dell/Documents/cpu risc-v/non-forward/MEM_WB.sv Line: 21
Error (10231): Verilog HDL error at MEM_WB.sv(22): value cannot be assigned to input "wb_sel_m" File: C:/Users/Dell/Documents/cpu risc-v/non-forward/MEM_WB.sv Line: 22
Error (10231): Verilog HDL error at MEM_WB.sv(25): value cannot be assigned to input "instrM" File: C:/Users/Dell/Documents/cpu risc-v/non-forward/MEM_WB.sv Line: 25
Error (10231): Verilog HDL error at MEM_WB.sv(26): value cannot be assigned to input "alu_data_m" File: C:/Users/Dell/Documents/cpu risc-v/non-forward/MEM_WB.sv Line: 26
Error (10231): Verilog HDL error at MEM_WB.sv(27): value cannot be assigned to input "ld_data_m" File: C:/Users/Dell/Documents/cpu risc-v/non-forward/MEM_WB.sv Line: 27
Error (10231): Verilog HDL error at MEM_WB.sv(28): value cannot be assigned to input "pc_m" File: C:/Users/Dell/Documents/cpu risc-v/non-forward/MEM_WB.sv Line: 28
Error (10231): Verilog HDL error at MEM_WB.sv(29): value cannot be assigned to input "rd_wren_m" File: C:/Users/Dell/Documents/cpu risc-v/non-forward/MEM_WB.sv Line: 29
Error (10231): Verilog HDL error at MEM_WB.sv(30): value cannot be assigned to input "wb_sel_m" File: C:/Users/Dell/Documents/cpu risc-v/non-forward/MEM_WB.sv Line: 30
Error (10231): Verilog HDL error at hazard_unit.sv(6): value cannot be assigned to input "instrW" File: C:/Users/Dell/Documents/cpu risc-v/non-forward/hazard_unit.sv Line: 6
Error (10161): Verilog HDL error at hazard_unit.sv(6): object "rs1_w" is not declared File: C:/Users/Dell/Documents/cpu risc-v/non-forward/hazard_unit.sv Line: 6
Error (10231): Verilog HDL error at hazard_unit.sv(7): value cannot be assigned to input "instrM" File: C:/Users/Dell/Documents/cpu risc-v/non-forward/hazard_unit.sv Line: 7
Error (10161): Verilog HDL error at hazard_unit.sv(7): object "rs1_M" is not declared File: C:/Users/Dell/Documents/cpu risc-v/non-forward/hazard_unit.sv Line: 7
Error (10231): Verilog HDL error at hazard_unit.sv(8): value cannot be assigned to input "instrW" File: C:/Users/Dell/Documents/cpu risc-v/non-forward/hazard_unit.sv Line: 8
Error (10161): Verilog HDL error at hazard_unit.sv(8): object "rs2_w" is not declared File: C:/Users/Dell/Documents/cpu risc-v/non-forward/hazard_unit.sv Line: 8
Error (10231): Verilog HDL error at hazard_unit.sv(9): value cannot be assigned to input "instrM" File: C:/Users/Dell/Documents/cpu risc-v/non-forward/hazard_unit.sv Line: 9
Error (10161): Verilog HDL error at hazard_unit.sv(9): object "rs2_M" is not declared File: C:/Users/Dell/Documents/cpu risc-v/non-forward/hazard_unit.sv Line: 9
Error (10231): Verilog HDL error at hazard_unit.sv(10): value cannot be assigned to input "instrE" File: C:/Users/Dell/Documents/cpu risc-v/non-forward/hazard_unit.sv Line: 10
Error (10161): Verilog HDL error at hazard_unit.sv(10): object "rs1_e" is not declared File: C:/Users/Dell/Documents/cpu risc-v/non-forward/hazard_unit.sv Line: 10
Error (10231): Verilog HDL error at hazard_unit.sv(11): value cannot be assigned to input "instrE" File: C:/Users/Dell/Documents/cpu risc-v/non-forward/hazard_unit.sv Line: 11
Error (10161): Verilog HDL error at hazard_unit.sv(11): object "rs2_e" is not declared File: C:/Users/Dell/Documents/cpu risc-v/non-forward/hazard_unit.sv Line: 11
Error (10231): Verilog HDL error at hazard_unit.sv(12): value cannot be assigned to input "instrW" File: C:/Users/Dell/Documents/cpu risc-v/non-forward/hazard_unit.sv Line: 12
Error (10161): Verilog HDL error at hazard_unit.sv(12): object "rd" is not declared File: C:/Users/Dell/Documents/cpu risc-v/non-forward/hazard_unit.sv Line: 12
Error (10231): Verilog HDL error at hazard_unit.sv(13): value cannot be assigned to input "instrE" File: C:/Users/Dell/Documents/cpu risc-v/non-forward/hazard_unit.sv Line: 13
Error (10161): Verilog HDL error at hazard_unit.sv(13): object "opcode" is not declared File: C:/Users/Dell/Documents/cpu risc-v/non-forward/hazard_unit.sv Line: 13
Error (10161): Verilog HDL error at hazard_unit.sv(15): object "rs1_e" is not declared File: C:/Users/Dell/Documents/cpu risc-v/non-forward/hazard_unit.sv Line: 15
Error (10161): Verilog HDL error at hazard_unit.sv(15): object "rd" is not declared File: C:/Users/Dell/Documents/cpu risc-v/non-forward/hazard_unit.sv Line: 15
Error (10161): Verilog HDL error at hazard_unit.sv(15): object "rs2_e" is not declared File: C:/Users/Dell/Documents/cpu risc-v/non-forward/hazard_unit.sv Line: 15
Error (10161): Verilog HDL error at hazard_unit.sv(20): object "opcode" is not declared File: C:/Users/Dell/Documents/cpu risc-v/non-forward/hazard_unit.sv Line: 20
Error (10161): Verilog HDL error at hazard_unit.sv(20): object "rs1_e" is not declared File: C:/Users/Dell/Documents/cpu risc-v/non-forward/hazard_unit.sv Line: 20
Error (10161): Verilog HDL error at hazard_unit.sv(20): object "rd" is not declared File: C:/Users/Dell/Documents/cpu risc-v/non-forward/hazard_unit.sv Line: 20
Error (10161): Verilog HDL error at hazard_unit.sv(20): object "rs2_e" is not declared File: C:/Users/Dell/Documents/cpu risc-v/non-forward/hazard_unit.sv Line: 20
Error: Quartus II 32-bit Analysis & Synthesis was unsuccessful. 110 errors, 5 warnings
    Error: Peak virtual memory: 378 megabytes
    Error: Processing ended: Mon Dec 16 12:00:29 2024
    Error: Elapsed time: 00:00:01
    Error: Total CPU time (on all processors): 00:00:00


